<?xml version="1.0" encoding="UTF-8"?>
<coverage generated="1774440878958" clover="3.2.0">
  <project timestamp="1774440878958" name="All files">
    <metrics statements="27" coveredstatements="27" conditionals="18" coveredconditionals="18" methods="2" coveredmethods="1" elements="47" coveredelements="46" complexity="0" loc="27" ncloc="27" packages="1" files="1" classes="1"/>
    <file name="extractor.ts" path="/Users/a0000/projects/collect-in-one/src/services/extractor.ts">
      <metrics statements="27" coveredstatements="27" conditionals="18" coveredconditionals="18" methods="2" coveredmethods="1"/>
      <line num="4" count="1" type="stmt"/>
      <line num="5" count="1" type="stmt"/>
      <line num="8" count="30" type="stmt"/>
      <line num="10" count="30" type="stmt"/>
      <line num="11" count="30" type="stmt"/>
      <line num="13" count="30" type="stmt"/>
      <line num="14" count="30" type="stmt"/>
      <line num="15" count="30" type="stmt"/>
      <line num="20" count="30" type="cond" truecount="2" falsecount="0"/>
      <line num="21" count="29" type="stmt"/>
      <line num="24" count="30" type="stmt"/>
      <line num="25" count="26" type="stmt"/>
      <line num="27" count="26" type="cond" truecount="4" falsecount="0"/>
      <line num="29" count="5" type="stmt"/>
      <line num="32" count="5" type="stmt"/>
      <line num="35" count="21" type="cond" truecount="2" falsecount="0"/>
      <line num="36" count="7" type="stmt"/>
      <line num="39" count="14" type="stmt"/>
      <line num="40" count="14" type="cond" truecount="2" falsecount="0"/>
      <line num="43" count="30" type="cond" truecount="2" falsecount="0"/>
      <line num="47" count="30" type="stmt"/>
      <line num="53" count="11" type="stmt"/>
      <line num="54" count="11" type="cond" truecount="2" falsecount="0"/>
      <line num="57" count="11" type="stmt"/>
      <line num="62" count="11" type="cond" truecount="2" falsecount="0"/>
      <line num="63" count="11" type="cond" truecount="2" falsecount="0"/>
      <line num="65" count="11" type="stmt"/>
    </file>
  </project>
</coverage>
