{"/Users/a0000/projects/collect-in-one/src/services/extractor.ts": {"path":"/Users/a0000/projects/collect-in-one/src/services/extractor.ts","statementMap":{"0":{"start":{"line":4,"column":24},"end":{"line":4,"column":null}},"1":{"start":{"line":5,"column":26},"end":{"line":5,"column":null}},"2":{"start":{"line":8,"column":2},"end":{"line":8,"column":null}},"3":{"start":{"line":10,"column":21},"end":{"line":10,"column":42}},"4":{"start":{"line":11,"column":16},"end":{"line":11,"column":69}},"5":{"start":{"line":11,"column":33},"end":{"line":11,"column":51}},"6":{"start":{"line":13,"column":2},"end":{"line":68,"column":null}},"7":{"start":{"line":14,"column":20},"end":{"line":14,"column":null}},"8":{"start":{"line":15,"column":44},"end":{"line":19,"column":null}},"9":{"start":{"line":20,"column":4},"end":{"line":21,"column":null}},"10":{"start":{"line":21,"column":6},"end":{"line":21,"column":null}},"11":{"start":{"line":24,"column":16},"end":{"line":24,"column":76}},"12":{"start":{"line":25,"column":4},"end":{"line":25,"column":null}},"13":{"start":{"line":27,"column":4},"end":{"line":32,"column":null}},"14":{"start":{"line":29,"column":6},"end":{"line":31,"column":null}},"15":{"start":{"line":32,"column":6},"end":{"line":32,"column":null}},"16":{"start":{"line":35,"column":4},"end":{"line":36,"column":null}},"17":{"start":{"line":36,"column":6},"end":{"line":36,"column":null}},"18":{"start":{"line":39,"column":17},"end":{"line":39,"column":82}},"19":{"start":{"line":40,"column":20},"end":{"line":40,"column":null}},"20":{"start":{"line":43,"column":22},"end":{"line":45,"column":null}},"21":{"start":{"line":47,"column":4},"end":{"line":51,"column":null}},"22":{"start":{"line":53,"column":4},"end":{"line":53,"column":null}},"23":{"start":{"line":54,"column":20},"end":{"line":54,"column":68}},"24":{"start":{"line":57,"column":17},"end":{"line":60,"column":39}},"25":{"start":{"line":62,"column":10},"end":{"line":62,"column":null}},"26":{"start":{"line":63,"column":23},"end":{"line":63,"column":null}},"27":{"start":{"line":65,"column":4},"end":{"line":68,"column":null}}},"fnMap":{"0":{"name":"extractContent","decl":{"start":{"line":7,"column":22},"end":{"line":7,"column":37}},"loc":{"start":{"line":7,"column":91},"end":{"line":68,"column":null}},"line":7},"1":{"name":"(anonymous_1)","decl":{"start":{"line":11,"column":16},"end":{"line":11,"column":33}},"loc":{"start":{"line":11,"column":33},"end":{"line":11,"column":51}},"line":11}},"branchMap":{"0":{"loc":{"start":{"line":20,"column":4},"end":{"line":21,"column":null}},"type":"if","locations":[{"start":{"line":20,"column":4},"end":{"line":21,"column":null}},{"start":{},"end":{}}],"line":20},"1":{"loc":{"start":{"line":27,"column":4},"end":{"line":32,"column":null}},"type":"if","locations":[{"start":{"line":27,"column":4},"end":{"line":32,"column":null}},{"start":{},"end":{}}],"line":27},"2":{"loc":{"start":{"line":27,"column":8},"end":{"line":27,"column":50}},"type":"binary-expr","locations":[{"start":{"line":27,"column":8},"end":{"line":27,"column":30}},{"start":{"line":27,"column":30},"end":{"line":27,"column":50}}],"line":27},"3":{"loc":{"start":{"line":35,"column":4},"end":{"line":36,"column":null}},"type":"if","locations":[{"start":{"line":35,"column":4},"end":{"line":36,"column":null}},{"start":{},"end":{}}],"line":35},"4":{"loc":{"start":{"line":40,"column":20},"end":{"line":40,"column":null}},"type":"binary-expr","locations":[{"start":{"line":40,"column":20},"end":{"line":40,"column":43}},{"start":{"line":40,"column":43},"end":{"line":40,"column":null}}],"line":40},"5":{"loc":{"start":{"line":43,"column":22},"end":{"line":45,"column":null}},"type":"cond-expr","locations":[{"start":{"line":44,"column":8},"end":{"line":44,"column":43}},{"start":{"line":45,"column":8},"end":{"line":45,"column":null}}],"line":43},"6":{"loc":{"start":{"line":54,"column":20},"end":{"line":54,"column":68}},"type":"cond-expr","locations":[{"start":{"line":54,"column":43},"end":{"line":54,"column":57}},{"start":{"line":54,"column":57},"end":{"line":54,"column":68}}],"line":54},"7":{"loc":{"start":{"line":62,"column":24},"end":{"line":62,"column":50}},"type":"binary-expr","locations":[{"start":{"line":62,"column":24},"end":{"line":62,"column":45}},{"start":{"line":62,"column":45},"end":{"line":62,"column":50}}],"line":62},"8":{"loc":{"start":{"line":63,"column":23},"end":{"line":63,"column":null}},"type":"cond-expr","locations":[{"start":{"line":63,"column":41},"end":{"line":63,"column":64}},{"start":{"line":63,"column":64},"end":{"line":63,"column":null}}],"line":63}},"s":{"0":1,"1":1,"2":30,"3":30,"4":30,"5":0,"6":30,"7":30,"8":30,"9":30,"10":29,"11":30,"12":26,"13":26,"14":5,"15":5,"16":21,"17":7,"18":14,"19":14,"20":30,"21":30,"22":11,"23":11,"24":11,"25":11,"26":11,"27":11},"f":{"0":30,"1":0},"b":{"0":[29,1],"1":[5,21],"2":[26,22],"3":[7,14],"4":[14,2],"5":[1,13],"6":[10,1],"7":[11,2],"8":[1,10]},"meta":{"lastBranch":9,"lastFunction":2,"lastStatement":28,"seen":{"s:4:24:4:Infinity":0,"s:5:26:5:Infinity":1,"f:7:22:7:37":0,"s:8:2:8:Infinity":2,"s:10:21:10:42":3,"s:11:16:11:69":4,"f:11:16:11:33":1,"s:11:33:11:51":5,"s:13:2:68:Infinity":6,"s:14:20:14:Infinity":7,"s:15:44:19:Infinity":8,"b:20:4:21:Infinity:undefined:undefined:undefined:undefined":0,"s:20:4:21:Infinity":9,"s:21:6:21:Infinity":10,"s:24:16:24:76":11,"s:25:4:25:Infinity":12,"b:27:4:32:Infinity:undefined:undefined:undefined:undefined":1,"s:27:4:32:Infinity":13,"b:27:8:27:30:27:30:27:50":2,"s:29:6:31:Infinity":14,"s:32:6:32:Infinity":15,"b:35:4:36:Infinity:undefined:undefined:undefined:undefined":3,"s:35:4:36:Infinity":16,"s:36:6:36:Infinity":17,"s:39:17:39:82":18,"s:40:20:40:Infinity":19,"b:40:20:40:43:40:43:40:Infinity":4,"s:43:22:45:Infinity":20,"b:44:8:44:43:45:8:45:Infinity":5,"s:47:4:51:Infinity":21,"s:53:4:53:Infinity":22,"s:54:20:54:68":23,"b:54:43:54:57:54:57:54:68":6,"s:57:17:60:39":24,"s:62:10:62:Infinity":25,"b:62:24:62:45:62:45:62:50":7,"s:63:23:63:Infinity":26,"b:63:41:63:64:63:64:63:Infinity":8,"s:65:4:68:Infinity":27}}}
}
